0 info it worked if it ends with ok
1 verbose cli [ '/Users/gharezlak/.meteor/packages/meteor-tool/.1.4.2_3.285m80++os.osx.x86_64+web.browser+web.cordova/mt-os.osx.x86_64/dev_bundle/bin/node',
1 verbose cli   '/Users/gharezlak/.meteor/packages/meteor-tool/.1.4.2_3.285m80++os.osx.x86_64+web.browser+web.cordova/mt-os.osx.x86_64/dev_bundle/bin/npm',
1 verbose cli   'install',
1 verbose cli   '--save',
1 verbose cli   'babel-runtime' ]
2 info using npm@3.10.9
3 info using node@v4.6.2
4 silly loadCurrentTree Starting
5 silly install loadCurrentTree
6 silly install readLocalPackageData
7 silly fetchPackageMetaData babel-runtime
8 silly fetchNamedPackageData babel-runtime
9 silly mapToRegistry name babel-runtime
10 silly mapToRegistry using default registry
11 silly mapToRegistry registry https://registry.npmjs.org/
12 silly mapToRegistry data Result {
12 silly mapToRegistry   raw: 'babel-runtime',
12 silly mapToRegistry   scope: null,
12 silly mapToRegistry   escapedName: 'babel-runtime',
12 silly mapToRegistry   name: 'babel-runtime',
12 silly mapToRegistry   rawSpec: '',
12 silly mapToRegistry   spec: 'latest',
12 silly mapToRegistry   type: 'tag' }
13 silly mapToRegistry uri https://registry.npmjs.org/babel-runtime
14 verbose request uri https://registry.npmjs.org/babel-runtime
15 verbose request no auth needed
16 info attempt registry request try #1 at 2:50:00 PM
17 verbose request id 48c0ccb3e4b4a885
18 verbose etag W/"588a973d-24488"
19 verbose lastModified Fri, 27 Jan 2017 00:41:33 GMT
20 http request GET https://registry.npmjs.org/babel-runtime
21 http 304 https://registry.npmjs.org/babel-runtime
22 verbose headers { date: 'Mon, 06 Feb 2017 22:50:00 GMT',
22 verbose headers   via: '1.1 varnish',
22 verbose headers   'cache-control': 'max-age=300',
22 verbose headers   etag: 'W/"588a973d-24488"',
22 verbose headers   age: '114',
22 verbose headers   connection: 'keep-alive',
22 verbose headers   'x-served-by': 'cache-sea1030-SEA',
22 verbose headers   'x-cache': 'HIT',
22 verbose headers   'x-cache-hits': '4',
22 verbose headers   'x-timer': 'S1486421400.678402,VS0,VE0',
22 verbose headers   vary: 'Accept-Encoding' }
23 silly get cb [ 304,
23 silly get   { date: 'Mon, 06 Feb 2017 22:50:00 GMT',
23 silly get     via: '1.1 varnish',
23 silly get     'cache-control': 'max-age=300',
23 silly get     etag: 'W/"588a973d-24488"',
23 silly get     age: '114',
23 silly get     connection: 'keep-alive',
23 silly get     'x-served-by': 'cache-sea1030-SEA',
23 silly get     'x-cache': 'HIT',
23 silly get     'x-cache-hits': '4',
23 silly get     'x-timer': 'S1486421400.678402,VS0,VE0',
23 silly get     vary: 'Accept-Encoding' } ]
24 verbose etag https://registry.npmjs.org/babel-runtime from cache
25 verbose get saving babel-runtime to /Users/gharezlak/.meteor/packages/meteor-tool/.1.4.2_3.285m80++os.osx.x86_64+web.browser+web.cordova/mt-os.osx.x86_64/dev_bundle/.npm/registry.npmjs.org/babel-runtime/.cache.json
26 verbose correctMkdir /Users/gharezlak/.meteor/packages/meteor-tool/.1.4.2_3.285m80++os.osx.x86_64+web.browser+web.cordova/mt-os.osx.x86_64/dev_bundle/.npm correctMkdir not in flight; initializing
27 silly install normalizeTree
28 silly loadCurrentTree Finishing
29 silly loadIdealTree Starting
30 silly install loadIdealTree
31 silly cloneCurrentTree Starting
32 silly install cloneCurrentTreeToIdealTree
33 silly cloneCurrentTree Finishing
34 silly loadShrinkwrap Starting
35 silly install loadShrinkwrap
36 silly loadShrinkwrap Finishing
37 silly loadAllDepsIntoIdealTree Starting
38 silly install loadAllDepsIntoIdealTree
39 silly rollbackFailedOptional Starting
40 silly rollbackFailedOptional Finishing
41 silly runTopLevelLifecycles Finishing
42 silly install printInstalled
43 verbose stack Error: Refusing to install babel-runtime as a dependency of itself
43 verbose stack     at checkSelf (/Users/gharezlak/.meteor/packages/meteor-tool/.1.4.2_3.285m80++os.osx.x86_64+web.browser+web.cordova/mt-os.osx.x86_64/dev_bundle/lib/node_modules/npm/lib/install/validate-args.js:53:14)
43 verbose stack     at Array.<anonymous> (/Users/gharezlak/.meteor/packages/meteor-tool/.1.4.2_3.285m80++os.osx.x86_64+web.browser+web.cordova/mt-os.osx.x86_64/dev_bundle/lib/node_modules/npm/node_modules/slide/lib/bind-actor.js:15:8)
43 verbose stack     at LOOP (/Users/gharezlak/.meteor/packages/meteor-tool/.1.4.2_3.285m80++os.osx.x86_64+web.browser+web.cordova/mt-os.osx.x86_64/dev_bundle/lib/node_modules/npm/node_modules/slide/lib/chain.js:15:14)
43 verbose stack     at chain (/Users/gharezlak/.meteor/packages/meteor-tool/.1.4.2_3.285m80++os.osx.x86_64+web.browser+web.cordova/mt-os.osx.x86_64/dev_bundle/lib/node_modules/npm/node_modules/slide/lib/chain.js:20:5)
43 verbose stack     at /Users/gharezlak/.meteor/packages/meteor-tool/.1.4.2_3.285m80++os.osx.x86_64+web.browser+web.cordova/mt-os.osx.x86_64/dev_bundle/lib/node_modules/npm/lib/install/validate-args.js:16:5
43 verbose stack     at /Users/gharezlak/.meteor/packages/meteor-tool/.1.4.2_3.285m80++os.osx.x86_64+web.browser+web.cordova/mt-os.osx.x86_64/dev_bundle/lib/node_modules/npm/node_modules/slide/lib/async-map.js:52:35
43 verbose stack     at Array.forEach (native)
43 verbose stack     at /Users/gharezlak/.meteor/packages/meteor-tool/.1.4.2_3.285m80++os.osx.x86_64+web.browser+web.cordova/mt-os.osx.x86_64/dev_bundle/lib/node_modules/npm/node_modules/slide/lib/async-map.js:52:11
43 verbose stack     at Array.forEach (native)
43 verbose stack     at asyncMap (/Users/gharezlak/.meteor/packages/meteor-tool/.1.4.2_3.285m80++os.osx.x86_64+web.browser+web.cordova/mt-os.osx.x86_64/dev_bundle/lib/node_modules/npm/node_modules/slide/lib/async-map.js:51:8)
44 verbose cwd /Users/gharezlak/Documents/Javascript/prescreen
45 error Darwin 16.4.0
46 error argv "/Users/gharezlak/.meteor/packages/meteor-tool/.1.4.2_3.285m80++os.osx.x86_64+web.browser+web.cordova/mt-os.osx.x86_64/dev_bundle/bin/node" "/Users/gharezlak/.meteor/packages/meteor-tool/.1.4.2_3.285m80++os.osx.x86_64+web.browser+web.cordova/mt-os.osx.x86_64/dev_bundle/bin/npm" "install" "--save" "babel-runtime"
47 error node v4.6.2
48 error npm  v3.10.9
49 error code ENOSELF
50 error Refusing to install babel-runtime as a dependency of itself
51 error If you need help, you may report this error at:
51 error     <https://github.com/npm/npm/issues>
52 verbose exit [ 1, true ]
